-->DATE: 09/12/2017 20:04:24 - IP: ::1 - NUMBER: 10 - ACTION: AJOUTER - INPUT: 10
-->DATE: 09/12/2017 22:51:32 - IP: ::1 - NUMBER: 30 - ACTION: AJOUTER - INPUT: 20
-->DATE: 09/12/2017 23:25:28 - IP: ::1 - NUMBER: 50 - ACTION: AJOUTER - INPUT: 20
-->DATE: 09/12/2017 23:50:42 - IP: ::1 - NUMBER: 70 - ACTION: AJOUTER - INPUT: 20
-->DATE: 09/12/2017 23:52:18 - IP: ::1 - NUMBER: 90 - ACTION: AJOUTER - INPUT: 20
-->DATE: 09/12/2017 23:53:26 - IP: ::1 - NUMBER: 110 - ACTION: AJOUTER - INPUT: 20
-->DATE: 09/12/2017 23:54:06 - IP: ::1 - NUMBER: 130 - ACTION: AJOUTER - INPUT: 20
-->DATE: 09/12/2017 23:56:09 - IP: ::1 - NUMBER: 150 - ACTION: AJOUTER - INPUT: 20
-->DATE: 09/12/2017 23:56:29 - IP: ::1 - NUMBER: 170 - ACTION: AJOUTER - INPUT: 20
-->DATE: 10/12/2017 0:01:04 - IP: ::1 - NUMBER: 190 - ACTION: AJOUTER - INPUT: 20
-->DATE: 10/12/2017 0:13:51 - IP: ::1 - NUMBER: 210 - ACTION: AJOUTER - INPUT: 20
-->DATE: 10/12/2017 0:18:47 - IP: ::1 - NUMBER: 230 - ACTION: AJOUTER - INPUT: 20
-->DATE: 10/12/2017 0:19:10 - IP: ::1 - NUMBER: 250 - ACTION: AJOUTER - INPUT: 20
-->DATE: 10/12/2017 0:19:32 - IP: ::1 - NUMBER: 270 - ACTION: AJOUTER - INPUT: 20
-->DATE: 10/12/2017 14:56:08 - IP: ::1 - NUMBER: 280 - ACTION: AJOUTER - INPUT: 10
-->DATE: 10/12/2017 15:14:51 - IP: ::1 - NUMBER: 290 - ACTION: AJOUTER - INPUT: 10
-->DATE: 10/12/2017 15:14:54 - IP: ::1 - NUMBER: 200 - ACTION: ENLEVER - INPUT: 90
-->DATE: 10/12/2017 15:18:19 - IP: ::1 - NUMBER: 110 - ACTION: ENLEVER - INPUT: 90
-->DATE: 10/12/2017 15:18:23 - IP: ::1 - NUMBER: 130 - ACTION: AJOUTER - INPUT: 20
-->DATE: 10/12/2017 15:21:31 - IP: ::1 - NUMBER: 140 - ACTION: AJOUTER - INPUT: 10
-->DATE: 10/12/2017 17:39:25 - IP: ::1 - NUMBER: 150 - ACTION: AJOUTER - INPUT: 10
-->DATE: 10/12/2017 17:39:29 - IP: ::1 - NUMBER: 160 - ACTION: AJOUTER - INPUT: 10
-->DATE: 10/12/2017 17:54:30 - IP: ::1 - NUMBER: 170 - ACTION: AJOUTER - INPUT: 10
-->DATE: 10/12/2017 17:58:12 - IP: ::1 - NUMBER: 180 - ACTION: AJOUTER - INPUT: 10
-->DATE: 10/12/2017 17:59:34 - IP: ::1 - NUMBER: 190 - ACTION: AJOUTER - INPUT: 10
-->DATE: 29/01/2018 17:24:04 - IP: ::1 - NUMBER: 200 - ACTION: AJOUTER - INPUT: 10
-->DATE: 29/01/2018 17:53:04 - IP: ::1 - NUMBER: 210 - ACTION: AJOUTER - INPUT: 10
-->DATE: 29/01/2018 18:00:25 - IP: ::1 - NUMBER: 300 - ACTION: ECRASER - INPUT: 300
-->DATE: 29/01/2018 18:00:40 - IP: ::1 - NUMBER: 1000300 - ACTION: AJOUTER - INPUT: 1000000
-->DATE: 29/01/2018 18:01:06 - IP: ::1 - NUMBER: 9999999 - ACTION: AJOUTE_POURCENT - INPUT: 1000
-->DATE: 29/01/2018 18:02:37 - IP: ::1 - NUMBER: 0 - ACTION: RESET - INPUT: 0
-->DATE: 29/01/2018 18:02:49 - IP: ::1 - NUMBER: 100 - ACTION: AJOUTER - INPUT: 100
-->DATE: 29/01/2018 18:02:57 - IP: ::1 - NUMBER: 300 - ACTION: AJOUTE_POURCENT - INPUT: 200
-->DATE: 29/01/2018 18:03:00 - IP: ::1 - NUMBER: 0 - ACTION: ENLEVE_POURCENT - INPUT: 200
-->DATE: 29/01/2018 18:03:11 - IP: ::1 - NUMBER: 100 - ACTION: AJOUTER - INPUT: 100
-->DATE: 29/01/2018 18:19:48 - IP: ::1 - NUMBER: 200 - ACTION: AJOUTER - INPUT: 100
-->DATE: 29/01/2018 18:19:52 - IP: ::1 - NUMBER: 0 - ACTION: RESET - INPUT: 0
